\BOOKMARK [0][-]{bm:Title.0}{Title Page}{}% 1
\BOOKMARK [0][-]{section*.1}{Acknowledgments}{}% 2
\BOOKMARK [0][-]{bm:State.0}{Statement}{}% 3
\BOOKMARK [0][-]{section*.2}{Abstract}{}% 4
\BOOKMARK [0][-]{section*.3}{Table of Contents}{}% 5
\BOOKMARK [0][-]{section*.5}{List of Figures}{}% 6
\BOOKMARK [0][-]{chapter.1}{1 Introduction}{}% 7
\BOOKMARK [1][-]{section.1.1}{1.1 Neural networks: Introduction}{chapter.1}% 8
\BOOKMARK [0][-]{chapter.2}{2 Background and Related Work}{}% 9
\BOOKMARK [1][-]{section.2.1}{2.1 Neural networks: introduction}{chapter.2}% 10
\BOOKMARK [1][-]{section.2.2}{2.2 Project goal}{chapter.2}% 11
\BOOKMARK [0][-]{chapter.3}{3 Background and Related Work}{}% 12
\BOOKMARK [1][-]{section.3.1}{3.1 Neural networks: explanation}{chapter.3}% 13
\BOOKMARK [2][-]{subsection.3.1.1}{3.1.1 Training}{section.3.1}% 14
\BOOKMARK [1][-]{section.3.2}{3.2 Complexities of neural networks}{chapter.3}% 15
\BOOKMARK [2][-]{subsection.3.2.1}{3.2.1 Overfitting and underfitting}{section.3.2}% 16
\BOOKMARK [2][-]{subsection.3.2.2}{3.2.2 Complexities}{section.3.2}% 17
\BOOKMARK [1][-]{section.3.3}{3.3 Research into neural network complexity}{chapter.3}% 18
\BOOKMARK [1][-]{section.3.4}{3.4 Matrices in neural networks}{chapter.3}% 19
\BOOKMARK [1][-]{section.3.5}{3.5 Stochastic computing}{chapter.3}% 20
\BOOKMARK [2][-]{subsection.3.5.1}{3.5.1 Advantages of stochastic numbers}{section.3.5}% 21
\BOOKMARK [2][-]{subsection.3.5.2}{3.5.2 Disadvantages of stochastic numbers}{section.3.5}% 22
\BOOKMARK [1][-]{section.3.6}{3.6 Machine learning frameworks}{chapter.3}% 23
\BOOKMARK [1][-]{section.3.7}{3.7 Tensorflow}{chapter.3}% 24
\BOOKMARK [1][-]{section.3.8}{3.8 PyTorch}{chapter.3}% 25
\BOOKMARK [1][-]{section.3.9}{3.9 The Idea}{chapter.3}% 26
\BOOKMARK [0][-]{chapter.4}{4 Implementation}{}% 27
\BOOKMARK [1][-]{section.4.1}{4.1 Introduction}{chapter.4}% 28
\BOOKMARK [1][-]{section.4.2}{4.2 The design}{chapter.4}% 29
\BOOKMARK [1][-]{section.4.3}{4.3 The conversion}{chapter.4}% 30
\BOOKMARK [1][-]{section.4.4}{4.4 Format}{chapter.4}% 31
\BOOKMARK [1][-]{section.4.5}{4.5 Multiplication}{chapter.4}% 32
\BOOKMARK [1][-]{section.4.6}{4.6 Addition}{chapter.4}% 33
\BOOKMARK [0][-]{chapter.5}{5 Results}{}% 34
\BOOKMARK [1][-]{subsection.5.0.1}{5.0.1 Introduction}{chapter.5}% 35
\BOOKMARK [2][-]{subsection.5.0.2}{5.0.2 Unipolar multiplication accuracy}{subsection.5.0.1}% 36
\BOOKMARK [2][-]{subsection.5.0.3}{5.0.3 Bipolar multiplication accuracy}{subsection.5.0.1}% 37
\BOOKMARK [2][-]{subsection.5.0.4}{5.0.4 Non saturating addition accuracy}{subsection.5.0.1}% 38
\BOOKMARK [2][-]{subsection.5.0.5}{5.0.5 Saturating addition accuracy}{subsection.5.0.1}% 39
\BOOKMARK [2][-]{subsection.5.0.6}{5.0.6 Spliting the bitstream}{subsection.5.0.1}% 40
\BOOKMARK [0][-]{chapter.6}{6 Future Work}{}% 41
\BOOKMARK [1][-]{subsection.6.0.1}{6.0.1 Limitation 1}{chapter.6}% 42
\BOOKMARK [2][-]{subsection.6.0.2}{6.0.2 Limitation 2}{subsection.6.0.1}% 43
\BOOKMARK [2][-]{subsection.6.0.3}{6.0.3 Theoretical device}{subsection.6.0.1}% 44
\BOOKMARK [0][-]{chapter.7}{7 Conclusions}{}% 45
\BOOKMARK [1][-]{section.7.1}{7.1 Conclusions}{chapter.7}% 46
\BOOKMARK [0][-]{chapter.8}{8 Abbreviations}{}% 47
\BOOKMARK [1][-]{section.Alph0.1}{.1 Codebase and results}{chapter.8}% 48
\BOOKMARK [0][-]{section*.30}{Bibliography}{}% 49
